mode,size,stage,time_ms
prover,1048576,witness_generation,2.131500
cpu,2097152,rs_zero_pad,1.123600
cpu,2097152,cpu_ntt,35.710100
cpu,2097152,rs_transpose,15.580800
prover,2097152,witness_encoding,55.191500
cpu,2097152,merkle_leaf_encode,0.889500
cpu,131072,merkle_leaf_hash,1.708800
prover,131072,merkle_leaf_total,6.821200
cpu,131072,merkle_internal_hash,2.244000
prover,131072,merkle_build_total,4.069900
prover,1048576,ood_evaluation,11.390300
prover,1048576,commit_total,79.165000
prover,1048576,prove_ood_completion,0.006200
prover,1048576,vector_rlc,4.821600
prover,1048576,sumcheck_compute,5.356000
prover,1048576,sumcheck_fold_a,5.483400
prover,1048576,sumcheck_fold_b,9.962800
prover,524288,sumcheck_compute,4.743900
prover,524288,sumcheck_fold_a,2.732200
prover,524288,sumcheck_fold_b,5.112800
prover,262144,sumcheck_compute,2.253000
prover,262144,sumcheck_fold_a,1.364200
prover,262144,sumcheck_fold_b,2.532800
prover,131072,sumcheck_compute,1.211400
prover,131072,sumcheck_fold_a,0.711800
prover,131072,sumcheck_fold_b,1.520600
prover,1048576,initial_sumcheck,43.263900
cpu,1048576,rs_zero_pad,0.227000
cpu,1048576,cpu_ntt,42.943300
cpu,1048576,rs_transpose,15.974100
prover,1048576,witness_encoding,63.803700
cpu,1048576,merkle_leaf_encode,1.264500
cpu,65536,merkle_leaf_hash,2.173700
prover,65536,merkle_leaf_total,9.768200
cpu,65536,merkle_internal_hash,0.941600
prover,65536,merkle_build_total,1.781400
prover,65536,ood_evaluation,0.884600
prover,1048576,round_commit,77.035200
prover,65536,round_pow,4.903500
prover,131072,opening,0.469800
prover,65536,round_stir_evaluators,0.002300
prover,65536,round_stir_ood_values,0.007600
prover,65536,round_stir_eq_weights,0.005600
prover,65536,round_stir_tensor_product,0.001500
prover,65536,round_stir_in_domain_values,0.179100
prover,65536,round_stir_rlc,0.023100
prover,65536,round_stir_accumulate_many,73.932800
prover,65536,round_stir_dot,0.017400
prover,65536,round_stir_constraints,74.238200
prover,65536,sumcheck_compute,0.660200
prover,65536,sumcheck_fold_a,0.379200
prover,65536,sumcheck_fold_b,0.707000
prover,32768,sumcheck_compute,0.329400
prover,32768,sumcheck_fold_a,0.146700
prover,32768,sumcheck_fold_b,0.259000
prover,16384,sumcheck_compute,0.164700
prover,16384,sumcheck_fold_a,0.188200
prover,16384,sumcheck_fold_b,0.124400
prover,8192,sumcheck_compute,0.076900
prover,8192,sumcheck_fold_a,0.173100
prover,8192,sumcheck_fold_b,0.143300
prover,65536,round_sumcheck_folding,3.435400
cpu,524288,rs_zero_pad,0.012400
cpu,524288,cpu_ntt,18.682300
cpu,524288,rs_transpose,7.407300
prover,524288,witness_encoding,28.559400
cpu,524288,merkle_leaf_encode,0.608600
cpu,32768,merkle_leaf_hash,1.206700
prover,32768,merkle_leaf_total,4.912100
cpu,32768,merkle_internal_hash,0.916200
prover,32768,merkle_build_total,1.455800
prover,4096,ood_evaluation,0.099700
prover,524288,round_commit,35.546700
prover,4096,round_pow,3.010200
prover,65536,opening,0.181800
prover,4096,round_stir_evaluators,0.001200
prover,4096,round_stir_ood_values,0.001000
prover,4096,round_stir_eq_weights,0.005000
prover,4096,round_stir_tensor_product,0.002600
prover,4096,round_stir_in_domain_values,0.083400
prover,4096,round_stir_rlc,0.007300
prover,4096,round_stir_accumulate_many,2.056000
prover,4096,round_stir_dot,0.004800
prover,4096,round_stir_constraints,2.196000
prover,4096,sumcheck_compute,0.219400
prover,4096,sumcheck_fold_a,0.079100
prover,4096,sumcheck_fold_b,0.199300
prover,2048,sumcheck_compute,0.107300
prover,2048,sumcheck_fold_a,0.026700
prover,2048,sumcheck_fold_b,0.107900
prover,1024,sumcheck_compute,0.054000
prover,1024,sumcheck_fold_a,0.016000
prover,1024,sumcheck_fold_b,0.040900
prover,512,sumcheck_compute,0.028300
prover,512,sumcheck_fold_a,0.006600
prover,512,sumcheck_fold_b,0.035000
prover,4096,round_sumcheck_folding,0.975500
cpu,262144,rs_zero_pad,0.001000
cpu,262144,cpu_ntt,7.369100
cpu,262144,rs_transpose,3.674900
prover,262144,witness_encoding,12.126600
cpu,262144,merkle_leaf_encode,0.260700
cpu,16384,merkle_leaf_hash,0.748800
prover,16384,merkle_leaf_total,2.715600
cpu,16384,merkle_internal_hash,0.485300
prover,16384,merkle_build_total,0.711300
prover,256,ood_evaluation,0.021600
prover,262144,round_commit,15.847300
prover,256,round_pow,4.792700
prover,32768,opening,0.064000
prover,256,round_stir_evaluators,0.001100
prover,256,round_stir_ood_values,0.000500
prover,256,round_stir_eq_weights,0.004500
prover,256,round_stir_tensor_product,0.002300
prover,256,round_stir_in_domain_values,0.041400
prover,256,round_stir_rlc,0.004000
prover,256,round_stir_accumulate_many,0.298300
prover,256,round_stir_dot,0.002800
prover,256,round_stir_constraints,0.380000
prover,256,sumcheck_compute,0.015000
prover,256,sumcheck_fold_a,0.004100
prover,256,sumcheck_fold_b,0.011500
prover,128,sumcheck_compute,0.007700
prover,128,sumcheck_fold_a,0.002600
prover,128,sumcheck_fold_b,0.006100
prover,64,sumcheck_compute,0.003900
prover,64,sumcheck_fold_a,0.002900
prover,64,sumcheck_fold_b,0.005000
prover,32,sumcheck_compute,0.002300
prover,32,sumcheck_fold_a,0.002300
prover,32,sumcheck_fold_b,0.002700
prover,256,round_sumcheck_folding,2.407400
cpu,131072,rs_zero_pad,0.000400
cpu,131072,cpu_ntt,3.019700
cpu,131072,rs_transpose,1.547500
prover,131072,witness_encoding,5.145400
cpu,131072,merkle_leaf_encode,0.125100
cpu,8192,merkle_leaf_hash,0.363100
prover,8192,merkle_leaf_total,1.273500
cpu,8192,merkle_internal_hash,0.153500
prover,8192,merkle_build_total,0.300100
prover,16,ood_evaluation,0.003100
prover,131072,round_commit,6.866200
prover,16,round_pow,10.679200
prover,16384,opening,0.115500
prover,16,round_stir_evaluators,0.004100
prover,16,round_stir_ood_values,0.000900
prover,16,round_stir_eq_weights,0.005800
prover,16,round_stir_tensor_product,0.003000
prover,16,round_stir_in_domain_values,0.035800
prover,16,round_stir_rlc,0.003700
prover,16,round_stir_accumulate_many,0.016600
prover,16,round_stir_dot,0.002300
prover,16,round_stir_constraints,0.094300
prover,16,sumcheck_compute,0.001900
prover,16,sumcheck_fold_a,0.004200
prover,16,sumcheck_fold_b,0.003000
prover,8,sumcheck_compute,0.001300
prover,8,sumcheck_fold_a,0.002700
prover,8,sumcheck_fold_b,0.001600
prover,4,sumcheck_compute,0.000700
prover,4,sumcheck_fold_a,0.002500
prover,4,sumcheck_fold_b,0.001300
prover,2,sumcheck_compute,0.000500
prover,2,sumcheck_fold_a,0.001100
prover,2,sumcheck_fold_b,0.000700
prover,16,round_sumcheck_folding,2.505100
prover,1,final_pow,1.338600
prover,8192,final_opening,0.036300
prover,1,final_sumcheck,0.000400
prover,1048576,prove_total,336.086700
prover,1048576,total_prover,415.251700
