mode,size,stage,time_ms
prover,1048576,witness_generation,2.079800
cpu,2097152,rs_zero_pad,0.711100
cpu,2097152,cpu_ntt,34.097600
cpu,2097152,rs_transpose,17.373300
prover,2097152,witness_encoding,54.638100
cpu,2097152,merkle_leaf_encode,0.939000
cpu,131072,merkle_leaf_hash,1.999100
prover,131072,merkle_leaf_total,7.169000
cpu,131072,merkle_internal_hash,2.088400
prover,131072,merkle_build_total,3.735100
prover,1048576,ood_evaluation,73.457000
prover,1048576,commit_total,140.754500
prover,1048576,prove_ood_completion,0.004800
prover,1048576,vector_rlc,5.267200
prover,1048576,initial_sumcheck,40.215600
cpu,1048576,rs_zero_pad,0.159100
cpu,1048576,cpu_ntt,51.114500
cpu,1048576,rs_transpose,15.098000
prover,1048576,witness_encoding,70.607800
cpu,1048576,merkle_leaf_encode,1.387200
cpu,65536,merkle_leaf_hash,2.091300
prover,65536,merkle_leaf_total,9.397800
cpu,65536,merkle_internal_hash,1.045900
prover,65536,merkle_build_total,1.997500
prover,65536,ood_evaluation,5.060600
prover,1048576,round_commit,87.896400
prover,65536,round_pow,3.382700
prover,131072,opening,0.476500
prover,65536,round_stir_constraints,91.633400
prover,65536,round_sumcheck_folding,3.208500
cpu,524288,rs_zero_pad,0.010100
cpu,524288,cpu_ntt,20.589500
cpu,524288,rs_transpose,7.430800
prover,524288,witness_encoding,30.318700
cpu,524288,merkle_leaf_encode,0.739000
cpu,32768,merkle_leaf_hash,1.202600
prover,32768,merkle_leaf_total,4.904600
cpu,32768,merkle_internal_hash,0.362600
prover,32768,merkle_build_total,0.803400
prover,4096,ood_evaluation,0.327800
prover,524288,round_commit,36.846200
prover,4096,round_pow,2.175700
prover,65536,opening,0.216900
prover,4096,round_stir_constraints,2.976800
prover,4096,round_sumcheck_folding,0.957200
cpu,262144,rs_zero_pad,0.001300
cpu,262144,cpu_ntt,8.120900
cpu,262144,rs_transpose,3.233500
prover,262144,witness_encoding,12.633000
cpu,262144,merkle_leaf_encode,0.215700
cpu,16384,merkle_leaf_hash,0.729400
prover,16384,merkle_leaf_total,2.443900
cpu,16384,merkle_internal_hash,0.338300
prover,16384,merkle_build_total,0.578700
prover,256,ood_evaluation,0.021300
prover,262144,round_commit,15.888800
prover,256,round_pow,4.169200
prover,32768,opening,0.059100
prover,256,round_stir_constraints,0.403600
prover,256,round_sumcheck_folding,2.303800
cpu,131072,rs_zero_pad,0.000300
cpu,131072,cpu_ntt,3.124600
cpu,131072,rs_transpose,1.534600
prover,131072,witness_encoding,5.352300
cpu,131072,merkle_leaf_encode,0.129100
cpu,8192,merkle_leaf_hash,0.528500
prover,8192,merkle_leaf_total,1.556600
cpu,8192,merkle_internal_hash,0.185800
prover,8192,merkle_build_total,0.339300
prover,16,ood_evaluation,0.002400
prover,131072,round_commit,7.422200
prover,16,round_pow,9.344600
prover,16384,opening,0.118600
prover,16,round_stir_constraints,0.069700
prover,16,round_sumcheck_folding,2.150400
prover,1,final_pow,1.012600
prover,8192,final_opening,0.039600
prover,1,final_sumcheck,0.000300
prover,1048576,prove_total,358.260900
prover,1048576,total_prover,499.015400
