mode,size,stage,time_ms
prover,1048576,witness_generation,2.238900
cpu,2097152,rs_zero_pad,0.871400
cpu,2097152,cpu_ntt,35.710400
cpu,2097152,rs_transpose,24.104000
prover,2097152,witness_encoding,63.387300
cpu,2097152,merkle_leaf_encode,0.788600
cpu,131072,merkle_leaf_hash,1.599500
prover,131072,merkle_leaf_total,6.796000
cpu,131072,merkle_internal_hash,2.242000
prover,131072,merkle_build_total,4.147900
prover,1048576,ood_evaluation,11.296700
prover,1048576,commit_total,87.538200
prover,1048576,prove_ood_completion,0.002800
prover,1048576,vector_rlc,5.428700
prover,1048576,initial_sumcheck,43.614500
cpu,1048576,rs_zero_pad,0.188200
cpu,1048576,cpu_ntt,52.748100
cpu,1048576,rs_transpose,18.576000
prover,1048576,witness_encoding,75.660500
cpu,1048576,merkle_leaf_encode,1.572500
cpu,65536,merkle_leaf_hash,2.033100
prover,65536,merkle_leaf_total,10.054900
cpu,65536,merkle_internal_hash,1.163800
prover,65536,merkle_build_total,2.100000
prover,65536,ood_evaluation,0.886900
prover,1048576,round_commit,89.509300
prover,65536,round_pow,4.253300
prover,131072,opening,0.445400
prover,65536,round_stir_constraints,108.608000
prover,65536,round_sumcheck_folding,11.795300
cpu,524288,rs_zero_pad,0.015300
cpu,524288,cpu_ntt,34.582900
cpu,524288,rs_transpose,9.057900
prover,524288,witness_encoding,47.393400
cpu,524288,merkle_leaf_encode,1.305100
cpu,32768,merkle_leaf_hash,1.505900
prover,32768,merkle_leaf_total,6.570400
cpu,32768,merkle_internal_hash,0.742700
prover,32768,merkle_build_total,1.412200
prover,4096,ood_evaluation,0.122100
prover,524288,round_commit,56.085400
prover,4096,round_pow,3.007000
prover,65536,opening,0.314900
prover,4096,round_stir_constraints,3.463000
prover,4096,round_sumcheck_folding,1.039300
cpu,262144,rs_zero_pad,0.001300
cpu,262144,cpu_ntt,9.357100
cpu,262144,rs_transpose,3.664900
prover,262144,witness_encoding,14.143700
cpu,262144,merkle_leaf_encode,0.323900
cpu,16384,merkle_leaf_hash,0.673800
prover,16384,merkle_leaf_total,2.714500
cpu,16384,merkle_internal_hash,0.437400
prover,16384,merkle_build_total,0.694600
prover,256,ood_evaluation,0.022900
prover,262144,round_commit,17.872300
prover,256,round_pow,5.411800
prover,32768,opening,0.067500
prover,256,round_stir_constraints,0.445200
prover,256,round_sumcheck_folding,2.411100
cpu,131072,rs_zero_pad,0.000200
cpu,131072,cpu_ntt,4.121600
cpu,131072,rs_transpose,2.010700
prover,131072,witness_encoding,6.883300
cpu,131072,merkle_leaf_encode,0.127500
cpu,8192,merkle_leaf_hash,0.502200
prover,8192,merkle_leaf_total,1.540100
cpu,8192,merkle_internal_hash,0.213900
prover,8192,merkle_build_total,0.377500
prover,16,ood_evaluation,0.004000
prover,131072,round_commit,8.968500
prover,16,round_pow,10.108800
prover,16384,opening,0.103300
prover,16,round_stir_constraints,0.072300
prover,16,round_sumcheck_folding,1.839500
prover,1,final_pow,1.510900
prover,8192,final_opening,0.040800
prover,1,final_sumcheck,0.000400
prover,1048576,prove_total,420.844500
prover,1048576,total_prover,508.382700
