mode,size,stage,time_ms
prover,1048576,witness_generation,2.679300
cpu,2097152,rs_zero_pad,0.918700
cpu,2097152,cpu_ntt,49.917100
cpu,2097152,rs_transpose,25.002000
prover,2097152,witness_encoding,78.749800
cpu,2097152,merkle_leaf_encode,0.829800
cpu,131072,merkle_leaf_hash,1.567100
prover,131072,merkle_leaf_total,7.054900
cpu,131072,merkle_internal_hash,1.664700
prover,131072,merkle_build_total,3.588400
prover,1048576,ood_evaluation,11.524200
prover,1048576,commit_total,102.709700
prover,1048576,prove_ood_completion,0.004700
prover,1048576,vector_rlc,5.580300
prover,1048576,initial_sumcheck,44.164000
cpu,1048576,rs_zero_pad,0.236900
cpu,1048576,cpu_ntt,60.151500
cpu,1048576,rs_transpose,17.903400
prover,1048576,witness_encoding,83.169700
cpu,1048576,merkle_leaf_encode,1.487600
cpu,65536,merkle_leaf_hash,2.194700
prover,65536,merkle_leaf_total,10.500800
cpu,65536,merkle_internal_hash,0.891600
prover,65536,merkle_build_total,2.019600
prover,65536,ood_evaluation,0.867200
prover,1048576,round_commit,97.539200
prover,65536,round_pow,5.107100
prover,131072,opening,0.393300
prover,65536,round_stir_evaluators,0.007100
prover,65536,round_stir_ood_values,0.001000
prover,65536,round_stir_eq_weights,0.005900
prover,65536,round_stir_tensor_product,0.004700
prover,65536,round_stir_in_domain_values,0.167900
prover,65536,round_stir_rlc,0.022600
prover,65536,round_stir_accumulate_many,109.560500
prover,65536,round_stir_dot,0.020200
prover,65536,round_stir_constraints,109.848000
prover,65536,round_sumcheck_folding,3.840200
cpu,524288,rs_zero_pad,0.014200
cpu,524288,cpu_ntt,24.963500
cpu,524288,rs_transpose,9.829900
prover,524288,witness_encoding,37.848500
cpu,524288,merkle_leaf_encode,0.697400
cpu,32768,merkle_leaf_hash,1.456300
prover,32768,merkle_leaf_total,6.780600
cpu,32768,merkle_internal_hash,0.557400
prover,32768,merkle_build_total,1.253300
prover,4096,ood_evaluation,0.110500
prover,524288,round_commit,46.698000
prover,4096,round_pow,3.132800
prover,65536,opening,0.218900
prover,4096,round_stir_evaluators,0.001900
prover,4096,round_stir_ood_values,0.000900
prover,4096,round_stir_eq_weights,0.005900
prover,4096,round_stir_tensor_product,0.003700
prover,4096,round_stir_in_domain_values,0.084900
prover,4096,round_stir_rlc,0.007300
prover,4096,round_stir_accumulate_many,3.285700
prover,4096,round_stir_dot,0.007400
prover,4096,round_stir_constraints,3.431200
prover,4096,round_sumcheck_folding,1.101900
cpu,262144,rs_zero_pad,0.001700
cpu,262144,cpu_ntt,9.736600
cpu,262144,rs_transpose,4.524700
prover,262144,witness_encoding,15.901600
cpu,262144,merkle_leaf_encode,0.381300
cpu,16384,merkle_leaf_hash,0.770500
prover,16384,merkle_leaf_total,3.545100
cpu,16384,merkle_internal_hash,0.412000
prover,16384,merkle_build_total,0.715300
prover,256,ood_evaluation,0.021900
prover,262144,round_commit,20.403500
prover,256,round_pow,5.455000
prover,32768,opening,0.065200
prover,256,round_stir_evaluators,0.001800
prover,256,round_stir_ood_values,0.000700
prover,256,round_stir_eq_weights,0.005600
prover,256,round_stir_tensor_product,0.003000
prover,256,round_stir_in_domain_values,0.051500
prover,256,round_stir_rlc,0.004300
prover,256,round_stir_accumulate_many,0.390200
prover,256,round_stir_dot,0.003100
prover,256,round_stir_constraints,0.486000
prover,256,round_sumcheck_folding,2.212200
cpu,131072,rs_zero_pad,0.000400
cpu,131072,cpu_ntt,3.952600
cpu,131072,rs_transpose,2.330100
prover,131072,witness_encoding,7.308300
cpu,131072,merkle_leaf_encode,0.130100
cpu,8192,merkle_leaf_hash,0.554300
prover,8192,merkle_leaf_total,1.903800
cpu,8192,merkle_internal_hash,0.182600
prover,8192,merkle_build_total,0.348400
prover,16,ood_evaluation,0.002900
prover,131072,round_commit,9.749400
prover,16,round_pow,12.201000
prover,16384,opening,0.116000
prover,16,round_stir_evaluators,0.001600
prover,16,round_stir_ood_values,0.000900
prover,16,round_stir_eq_weights,0.006000
prover,16,round_stir_tensor_product,0.002800
prover,16,round_stir_in_domain_values,0.035000
prover,16,round_stir_rlc,0.003800
prover,16,round_stir_accumulate_many,0.020600
prover,16,round_stir_dot,0.002500
prover,16,round_stir_constraints,0.095000
prover,16,round_sumcheck_folding,1.798300
prover,1,final_pow,1.521900
prover,8192,final_opening,0.035600
prover,1,final_sumcheck,0.000400
prover,1048576,prove_total,420.628600
prover,1048576,total_prover,523.338300
