mode,size,stage,time_ms
prover,1048576,witness_generation,2.170200
cpu,2097152,rs_zero_pad,0.698000
cpu,2097152,cpu_ntt,32.468100
cpu,2097152,rs_transpose,14.612300
prover,2097152,witness_encoding,50.471300
cpu,2097152,merkle_leaf_encode,0.661000
cpu,131072,merkle_leaf_hash,1.884200
prover,131072,merkle_leaf_total,6.389500
cpu,131072,merkle_internal_hash,2.311100
prover,131072,merkle_build_total,3.928800
prover,1048576,ood_evaluation,10.084300
prover,1048576,commit_total,72.741400
prover,1048576,prove_ood_completion,0.004400
prover,1048576,vector_rlc,4.837800
prover,1048576,initial_sumcheck,40.549800
cpu,1048576,rs_zero_pad,0.176800
cpu,1048576,cpu_ntt,52.295800
cpu,1048576,rs_transpose,15.208700
prover,1048576,witness_encoding,71.841900
cpu,1048576,merkle_leaf_encode,1.275000
cpu,65536,merkle_leaf_hash,1.819500
prover,65536,merkle_leaf_total,9.168500
cpu,65536,merkle_internal_hash,1.418000
prover,65536,merkle_build_total,2.257600
prover,65536,ood_evaluation,0.636000
prover,1048576,round_commit,84.694300
prover,65536,round_pow,3.657700
prover,131072,opening,0.323500
prover,65536,round_stir_constraints,95.606800
prover,65536,round_sumcheck_folding,3.370600
cpu,524288,rs_zero_pad,0.009200
cpu,524288,cpu_ntt,22.705500
cpu,524288,rs_transpose,7.108300
prover,524288,witness_encoding,31.908900
cpu,524288,merkle_leaf_encode,0.465400
cpu,32768,merkle_leaf_hash,1.175300
prover,32768,merkle_leaf_total,4.866600
cpu,32768,merkle_internal_hash,0.560200
prover,32768,merkle_build_total,1.102300
prover,4096,ood_evaluation,0.090200
prover,524288,round_commit,38.500000
prover,4096,round_pow,2.515500
prover,65536,opening,0.147100
prover,4096,round_stir_constraints,2.539700
prover,4096,round_sumcheck_folding,0.966000
cpu,262144,rs_zero_pad,0.001000
cpu,262144,cpu_ntt,7.755900
cpu,262144,rs_transpose,3.661800
prover,262144,witness_encoding,12.581300
cpu,262144,merkle_leaf_encode,0.212600
cpu,16384,merkle_leaf_hash,0.533000
prover,16384,merkle_leaf_total,2.105400
cpu,16384,merkle_internal_hash,0.565900
prover,16384,merkle_build_total,0.823400
prover,256,ood_evaluation,0.024400
prover,262144,round_commit,15.875700
prover,256,round_pow,3.930500
prover,32768,opening,0.056300
prover,256,round_stir_constraints,0.402200
prover,256,round_sumcheck_folding,2.176600
cpu,131072,rs_zero_pad,0.000200
cpu,131072,cpu_ntt,3.017600
cpu,131072,rs_transpose,1.763900
prover,131072,witness_encoding,5.422500
cpu,131072,merkle_leaf_encode,0.114400
cpu,8192,merkle_leaf_hash,0.387200
prover,8192,merkle_leaf_total,1.297000
cpu,8192,merkle_internal_hash,0.138000
prover,8192,merkle_build_total,0.258900
prover,16,ood_evaluation,0.002200
prover,131072,round_commit,7.172100
prover,16,round_pow,8.763000
prover,16384,opening,0.100200
prover,16,round_stir_constraints,0.060200
prover,16,round_sumcheck_folding,1.537600
prover,1,final_pow,0.903800
prover,8192,final_opening,0.037900
prover,1,final_sumcheck,0.000200
prover,1048576,prove_total,361.430400
prover,1048576,total_prover,434.171800
