mode,size,stage,time_ms
prover,1048576,witness_generation,2.314000
cpu,2097152,rs_zero_pad,1.100000
cpu,2097152,cpu_ntt,33.964000
cpu,2097152,rs_transpose,15.706600
prover,2097152,witness_encoding,53.362400
cpu,2097152,merkle_leaf_encode,0.776600
cpu,131072,merkle_leaf_hash,1.294600
prover,131072,merkle_leaf_total,6.025900
cpu,131072,merkle_internal_hash,1.429600
prover,131072,merkle_build_total,2.949300
prover,1048576,ood_evaluation,10.800700
prover,1048576,commit_total,74.903600
prover,1048576,prove_ood_completion,0.010100
prover,1048576,vector_rlc,4.988200
prover,1048576,initial_sumcheck,41.420900
cpu,1048576,rs_zero_pad,0.176600
cpu,1048576,cpu_ntt,53.310100
cpu,1048576,rs_transpose,16.240600
prover,1048576,witness_encoding,74.313400
cpu,1048576,merkle_leaf_encode,1.535100
cpu,65536,merkle_leaf_hash,2.273800
prover,65536,merkle_leaf_total,9.820200
cpu,65536,merkle_internal_hash,0.869400
prover,65536,merkle_build_total,1.886400
prover,65536,ood_evaluation,0.824300
prover,1048576,round_commit,87.718200
prover,65536,round_pow,5.777100
prover,131072,opening,0.439700
prover,65536,round_stir_evaluators,0.006800
prover,65536,round_stir_ood_values,0.004600
prover,65536,round_stir_eq_weights,0.005100
prover,65536,round_stir_tensor_product,0.001600
prover,65536,round_stir_in_domain_values,0.160500
prover,65536,round_stir_rlc,0.021700
prover,65536,round_stir_accumulate_many,68.825500
prover,65536,round_stir_dot,0.015900
prover,65536,round_stir_constraints,69.100200
prover,65536,round_sumcheck_folding,3.486000
cpu,524288,rs_zero_pad,0.010200
cpu,524288,cpu_ntt,23.374500
cpu,524288,rs_transpose,6.801200
prover,524288,witness_encoding,32.287200
cpu,524288,merkle_leaf_encode,0.487900
cpu,32768,merkle_leaf_hash,1.483100
prover,32768,merkle_leaf_total,5.324300
cpu,32768,merkle_internal_hash,0.966400
prover,32768,merkle_build_total,1.517200
prover,4096,ood_evaluation,0.116600
prover,524288,round_commit,39.779900
prover,4096,round_pow,2.513100
prover,65536,opening,0.202000
prover,4096,round_stir_evaluators,0.001600
prover,4096,round_stir_ood_values,0.000700
prover,4096,round_stir_eq_weights,0.005500
prover,4096,round_stir_tensor_product,0.002400
prover,4096,round_stir_in_domain_values,0.082500
prover,4096,round_stir_rlc,0.007000
prover,4096,round_stir_accumulate_many,2.169800
prover,4096,round_stir_dot,0.004700
prover,4096,round_stir_constraints,2.300300
prover,4096,round_sumcheck_folding,0.933200
cpu,262144,rs_zero_pad,0.001400
cpu,262144,cpu_ntt,8.878700
cpu,262144,rs_transpose,3.635900
prover,262144,witness_encoding,13.641700
cpu,262144,merkle_leaf_encode,0.235600
cpu,16384,merkle_leaf_hash,0.567900
prover,16384,merkle_leaf_total,2.274900
cpu,16384,merkle_internal_hash,0.381900
prover,16384,merkle_build_total,0.616300
prover,256,ood_evaluation,0.023400
prover,262144,round_commit,16.746800
prover,256,round_pow,4.312000
prover,32768,opening,0.069900
prover,256,round_stir_evaluators,0.001400
prover,256,round_stir_ood_values,0.000600
prover,256,round_stir_eq_weights,0.004400
prover,256,round_stir_tensor_product,0.002000
prover,256,round_stir_in_domain_values,0.043600
prover,256,round_stir_rlc,0.004400
prover,256,round_stir_accumulate_many,0.291000
prover,256,round_stir_dot,0.003800
prover,256,round_stir_constraints,0.368900
prover,256,round_sumcheck_folding,2.239600
cpu,131072,rs_zero_pad,0.000300
cpu,131072,cpu_ntt,3.527200
cpu,131072,rs_transpose,1.529900
prover,131072,witness_encoding,5.676000
cpu,131072,merkle_leaf_encode,0.132800
cpu,8192,merkle_leaf_hash,0.516600
prover,8192,merkle_leaf_total,1.424100
cpu,8192,merkle_internal_hash,0.225100
prover,8192,merkle_build_total,0.346600
prover,16,ood_evaluation,0.002000
prover,131072,round_commit,7.622900
prover,16,round_pow,8.655200
prover,16384,opening,0.124000
prover,16,round_stir_evaluators,0.001500
prover,16,round_stir_ood_values,0.000700
prover,16,round_stir_eq_weights,0.006100
prover,16,round_stir_tensor_product,0.003200
prover,16,round_stir_in_domain_values,0.038800
prover,16,round_stir_rlc,0.004400
prover,16,round_stir_accumulate_many,0.017800
prover,16,round_stir_dot,0.002500
prover,16,round_stir_constraints,0.097900
prover,16,round_sumcheck_folding,2.022100
prover,1,final_pow,1.077300
prover,8192,final_opening,0.038500
prover,1,final_sumcheck,0.000300
prover,1048576,prove_total,349.975500
prover,1048576,total_prover,424.879100
