mode,size,stage,time_ms
prover,1048576,witness_generation,2.533500
cpu,2097152,rs_zero_pad,0.985700
cpu,2097152,cpu_ntt,22.910300
cpu,2097152,rs_transpose,17.316600
prover,2097152,witness_encoding,43.961200
cpu,2097152,merkle_leaf_encode,0.465100
cpu,131072,merkle_leaf_hash,1.437300
prover,131072,merkle_leaf_total,6.061000
cpu,131072,merkle_internal_hash,2.052600
prover,131072,merkle_build_total,3.922500
prover,1048576,ood_evaluation,82.915100
prover,1048576,commit_total,138.509300
prover,1048576,prove_ood_completion,0.004800
prover,1048576,vector_rlc,5.248500
prover,1048576,initial_sumcheck,36.274900
cpu,1048576,rs_zero_pad,0.234700
cpu,1048576,cpu_ntt,57.295400
cpu,1048576,rs_transpose,17.318700
prover,1048576,witness_encoding,80.113700
cpu,1048576,merkle_leaf_encode,1.345800
cpu,65536,merkle_leaf_hash,1.964300
prover,65536,merkle_leaf_total,10.494100
cpu,65536,merkle_internal_hash,1.921300
prover,65536,merkle_build_total,2.974200
prover,65536,ood_evaluation,5.417800
prover,1048576,round_commit,99.959700
prover,65536,round_pow,206.439200
prover,131072,opening,0.311900
prover,65536,round_stir_constraints,74.150000
prover,65536,round_sumcheck_folding,3.318200
cpu,524288,rs_zero_pad,0.008800
cpu,524288,cpu_ntt,16.370700
cpu,524288,rs_transpose,7.634800
prover,524288,witness_encoding,26.401300
cpu,524288,merkle_leaf_encode,0.492300
cpu,32768,merkle_leaf_hash,0.539800
prover,32768,merkle_leaf_total,4.413300
cpu,32768,merkle_internal_hash,0.561900
prover,32768,merkle_build_total,1.265900
prover,4096,ood_evaluation,0.384500
prover,524288,round_commit,33.065600
prover,4096,round_pow,137.079800
prover,65536,opening,0.183000
prover,4096,round_stir_constraints,3.374100
prover,4096,round_sumcheck_folding,1.217300
cpu,262144,rs_zero_pad,0.001700
cpu,262144,cpu_ntt,5.870500
cpu,262144,rs_transpose,3.488800
prover,262144,witness_encoding,10.733600
cpu,262144,merkle_leaf_encode,0.270000
cpu,16384,merkle_leaf_hash,0.641500
prover,16384,merkle_leaf_total,2.732100
cpu,16384,merkle_internal_hash,0.288000
prover,16384,merkle_build_total,0.565900
prover,256,ood_evaluation,0.024000
prover,262144,round_commit,14.155300
prover,256,round_pow,209.436500
prover,32768,opening,0.101000
prover,256,round_stir_constraints,0.533900
prover,256,round_sumcheck_folding,0.199600
cpu,131072,rs_zero_pad,0.000400
cpu,131072,cpu_ntt,2.853200
cpu,131072,rs_transpose,1.785200
prover,131072,witness_encoding,5.306900
cpu,131072,merkle_leaf_encode,0.095100
cpu,8192,merkle_leaf_hash,0.461800
prover,8192,merkle_leaf_total,1.390800
cpu,8192,merkle_internal_hash,0.168300
prover,8192,merkle_build_total,0.211400
prover,16,ood_evaluation,0.002400
prover,131072,round_commit,6.981100
prover,16,round_pow,475.667300
prover,16384,opening,0.131300
prover,16,round_stir_constraints,0.071500
prover,16,round_sumcheck_folding,0.279900
prover,1,final_pow,40.239500
prover,8192,final_opening,0.057100
prover,1,final_sumcheck,0.000700
prover,1048576,prove_total,1396.382300
prover,1048576,total_prover,1534.891600
