mode,size,stage,time_ms
prover,1048576,witness_generation,2.497700
cpu,2097152,rs_zero_pad,0.782300
cpu,2097152,cpu_ntt,26.893700
cpu,2097152,rs_transpose,20.642500
prover,2097152,witness_encoding,50.998400
cpu,2097152,merkle_leaf_encode,0.884200
cpu,131072,merkle_leaf_hash,1.513500
prover,131072,merkle_leaf_total,7.122900
cpu,131072,merkle_internal_hash,3.104200
prover,131072,merkle_build_total,5.110000
prover,1048576,ood_evaluation,86.163100
prover,1048576,commit_total,151.511700
prover,1048576,prove_ood_completion,0.005400
prover,1048576,vector_rlc,5.366200
prover,1048576,initial_sumcheck,37.311200
cpu,1048576,rs_zero_pad,0.162600
cpu,1048576,cpu_ntt,38.767700
cpu,1048576,rs_transpose,21.487300
prover,1048576,witness_encoding,65.481100
cpu,1048576,merkle_leaf_encode,1.620900
cpu,65536,merkle_leaf_hash,1.781900
prover,65536,merkle_leaf_total,10.740700
cpu,65536,merkle_internal_hash,2.057900
prover,65536,merkle_build_total,3.170900
prover,65536,ood_evaluation,5.443100
prover,1048576,round_commit,85.809200
prover,65536,round_pow,5.839200
prover,131072,opening,0.445600
prover,65536,round_stir_constraints,109.366900
prover,65536,round_sumcheck_folding,3.519800
cpu,524288,rs_zero_pad,0.014900
cpu,524288,cpu_ntt,16.961000
cpu,524288,rs_transpose,7.655800
prover,524288,witness_encoding,27.441500
cpu,524288,merkle_leaf_encode,0.574000
cpu,32768,merkle_leaf_hash,1.409600
prover,32768,merkle_leaf_total,5.801000
cpu,32768,merkle_internal_hash,1.584300
prover,32768,merkle_build_total,2.307600
prover,4096,ood_evaluation,0.360400
prover,524288,round_commit,36.601200
prover,4096,round_pow,3.216700
prover,65536,opening,0.231600
prover,4096,round_stir_constraints,3.345000
prover,4096,round_sumcheck_folding,1.127700
cpu,262144,rs_zero_pad,0.001300
cpu,262144,cpu_ntt,8.051300
cpu,262144,rs_transpose,3.925200
prover,262144,witness_encoding,13.346600
cpu,262144,merkle_leaf_encode,0.213600
cpu,16384,merkle_leaf_hash,0.876300
prover,16384,merkle_leaf_total,2.923700
cpu,16384,merkle_internal_hash,0.911000
prover,16384,merkle_build_total,1.206100
prover,256,ood_evaluation,0.027900
prover,262144,round_commit,17.761800
prover,256,round_pow,6.014100
prover,32768,opening,0.092400
prover,256,round_stir_constraints,0.519400
prover,256,round_sumcheck_folding,5.332600
cpu,131072,rs_zero_pad,0.000300
cpu,131072,cpu_ntt,2.792800
cpu,131072,rs_transpose,1.711200
prover,131072,witness_encoding,5.138600
cpu,131072,merkle_leaf_encode,0.089300
cpu,8192,merkle_leaf_hash,0.644000
prover,8192,merkle_leaf_total,1.645600
cpu,8192,merkle_internal_hash,0.464900
prover,8192,merkle_build_total,0.675200
prover,16,ood_evaluation,0.002600
prover,131072,round_commit,7.655800
prover,16,round_pow,10.399900
prover,16384,opening,0.116700
prover,16,round_stir_constraints,0.079800
prover,16,round_sumcheck_folding,5.597500
prover,1,final_pow,2.063800
prover,8192,final_opening,0.051400
prover,1,final_sumcheck,0.000700
prover,1048576,prove_total,401.826500
prover,1048576,total_prover,553.338200
