warning: unexpected `cfg` condition value: `asm`
  --> src\algebra\fields.rs:65:10
   |
65 | #[derive(MontConfig)]
   |          ^^^^^^^^^^
   |
   = note: expected values for `feature` are: `default`, `parallel`, `rayon`, `tracing`, and `verifier_panics`
   = note: using a cfg inside a derive macro will use the cfgs from the destination crate and not the ones from the defining crate
   = help: try referring to `MontConfig` crate for guidance on how handle this unexpected cfg
   = help: the derive macro `MontConfig` may come from an old version of the `ark_ff_macros` crate, try updating your dependency with `cargo update -p ark_ff_macros`
   = note: see <https://doc.rust-lang.org/nightly/rustc/check-cfg/cargo-specifics.html> for more information about checking conditional configuration
   = note: `#[warn(unexpected_cfgs)]` on by default
   = note: this warning originates in the derive macro `MontConfig` (in Nightly builds, run with -Z macro-backtrace for more info)

warning: `whir` (lib) generated 1 warning
    Finished `release` profile [optimized + debuginfo] target(s) in 0.11s
     Running `target\release\main.exe`
[PROFILE] irs_commit::RS_encode: 29.8ms
[PROFILE] matrix_commit::hash_rows: 1.1ms
[PROFILE] matrix_commit::merkle_tree: 1.4ms
[PROFILE] irs_commit::matrix_commit: 3.3ms
[PROFILE] irs_commit::OOD_eval: 4.2ms
[PROFILE] prove::OOD_cross_terms: 2.8µs
[PROFILE] prove::vector_RLC: 2.4ms
[PROFILE] prove::constraint_RLC_sum: 11.8ms
[PROFILE] prove::initial_sumcheck: 20.6ms
[PROFILE] irs_commit::RS_encode: 42.1ms
[PROFILE] matrix_commit::hash_rows: 1.9ms
[PROFILE] matrix_commit::merkle_tree: 839.0µs
[PROFILE] irs_commit::matrix_commit: 3.1ms
[PROFILE] irs_commit::OOD_eval: 463.5µs
[PROFILE] prove::round0_irs_commit: 45.8ms
[PROFILE] prove::round0_pow: 1.2ms
[PROFILE] prove::round0_open: 1.5ms
[PROFILE] prove::round0_stir_constraints: 61.3ms
[PROFILE] prove::round0_sumcheck: 2.6ms
[PROFILE] prove::round0_total: 112.5ms
[PROFILE] irs_commit::RS_encode: 21.6ms
[PROFILE] matrix_commit::hash_rows: 737.0µs
[PROFILE] matrix_commit::merkle_tree: 444.4µs
[PROFILE] irs_commit::matrix_commit: 1.4ms
[PROFILE] irs_commit::OOD_eval: 121.2µs
[PROFILE] prove::round1_irs_commit: 23.2ms
[PROFILE] prove::round1_pow: 3.8ms
[PROFILE] prove::round1_open: 1.1ms
[PROFILE] prove::round1_stir_constraints: 2.8ms
[PROFILE] prove::round1_sumcheck: 773.2µs
[PROFILE] prove::round1_total: 31.8ms
[PROFILE] irs_commit::RS_encode: 8.4ms
[PROFILE] matrix_commit::hash_rows: 490.5µs
[PROFILE] matrix_commit::merkle_tree: 332.3µs
[PROFILE] irs_commit::matrix_commit: 988.7µs
[PROFILE] irs_commit::OOD_eval: 24.0µs
[PROFILE] prove::round2_irs_commit: 9.5ms
[PROFILE] prove::round2_pow: 923.9µs
[PROFILE] prove::round2_open: 716.9µs
[PROFILE] prove::round2_stir_constraints: 404.9µs
[PROFILE] prove::round2_sumcheck: 329.5µs
[PROFILE] prove::round2_total: 11.9ms
[PROFILE] irs_commit::RS_encode: 4.6ms
[PROFILE] matrix_commit::hash_rows: 261.7µs
[PROFILE] matrix_commit::merkle_tree: 231.5µs
[PROFILE] irs_commit::matrix_commit: 612.3µs
[PROFILE] irs_commit::OOD_eval: 7.1µs
[PROFILE] prove::round3_irs_commit: 5.3ms
[PROFILE] prove::round3_pow: 1.4ms
[PROFILE] prove::round3_open: 307.2µs
[PROFILE] prove::round3_stir_constraints: 51.6µs
[PROFILE] prove::round3_sumcheck: 192.7µs
[PROFILE] prove::round3_total: 7.3ms
[PROFILE] prove::STIR_rounds_total: 163.7ms
[PROFILE] prove::final_pow: 4.5ms
[PROFILE] prove::final_open: 217.8µs
[PROFILE] prove::final_sumcheck: 300.0ns
