mode,size,stage,time_ms
prover,1048576,witness_generation,2.251800
cpu,2097152,rs_zero_pad,0.753100
cpu,2097152,cpu_ntt,30.421400
cpu,2097152,rs_transpose,16.648400
prover,2097152,witness_encoding,50.526200
cpu,2097152,merkle_leaf_encode,0.670500
cpu,131072,merkle_leaf_hash,1.652300
prover,131072,merkle_leaf_total,6.595300
cpu,131072,merkle_internal_hash,1.954100
prover,131072,merkle_build_total,3.497000
prover,1048576,ood_evaluation,10.675200
prover,1048576,commit_total,72.992600
prover,1048576,prove_ood_completion,0.002600
prover,1048576,vector_rlc,4.853400
prover,1048576,initial_sumcheck,40.615700
cpu,1048576,rs_zero_pad,0.187900
cpu,1048576,cpu_ntt,38.499400
cpu,1048576,rs_transpose,14.611600
prover,1048576,witness_encoding,57.275900
cpu,1048576,merkle_leaf_encode,1.241600
cpu,65536,merkle_leaf_hash,1.565800
prover,65536,merkle_leaf_total,8.827500
cpu,65536,merkle_internal_hash,1.304700
prover,65536,merkle_build_total,2.114400
prover,65536,ood_evaluation,0.630600
prover,1048576,round_commit,69.603000
prover,65536,round_pow,4.447900
prover,131072,opening,0.305500
prover,65536,round_stir_evaluators,0.006800
prover,65536,round_stir_ood_values,0.002300
prover,65536,round_stir_eq_weights,0.004700
prover,65536,round_stir_tensor_product,0.001300
prover,65536,round_stir_in_domain_values,0.159800
prover,65536,round_stir_rlc,0.019500
prover,65536,round_stir_accumulate_many,64.921800
prover,65536,round_stir_dot,0.014200
prover,65536,round_stir_constraints,65.191900
prover,65536,round_sumcheck_folding,3.056600
cpu,524288,rs_zero_pad,0.009300
cpu,524288,cpu_ntt,16.614700
cpu,524288,rs_transpose,6.799000
prover,524288,witness_encoding,25.642200
cpu,524288,merkle_leaf_encode,0.537400
cpu,32768,merkle_leaf_hash,1.426500
prover,32768,merkle_leaf_total,4.899200
cpu,32768,merkle_internal_hash,0.450600
prover,32768,merkle_build_total,0.885000
prover,4096,ood_evaluation,0.086500
prover,524288,round_commit,31.963400
prover,4096,round_pow,2.570900
prover,65536,opening,0.246400
prover,4096,round_stir_evaluators,0.004000
prover,4096,round_stir_ood_values,0.001000
prover,4096,round_stir_eq_weights,0.005600
prover,4096,round_stir_tensor_product,0.002800
prover,4096,round_stir_in_domain_values,0.081700
prover,4096,round_stir_rlc,0.007000
prover,4096,round_stir_accumulate_many,2.460200
prover,4096,round_stir_dot,0.004500
prover,4096,round_stir_constraints,2.595200
prover,4096,round_sumcheck_folding,0.905500
cpu,262144,rs_zero_pad,0.001600
cpu,262144,cpu_ntt,7.834900
cpu,262144,rs_transpose,3.337300
prover,262144,witness_encoding,12.200400
cpu,262144,merkle_leaf_encode,0.273800
cpu,16384,merkle_leaf_hash,0.899600
prover,16384,merkle_leaf_total,2.951200
cpu,16384,merkle_internal_hash,0.413900
prover,16384,merkle_build_total,0.640100
prover,256,ood_evaluation,0.021300
prover,262144,round_commit,16.045600
prover,256,round_pow,4.545000
prover,32768,opening,0.059100
prover,256,round_stir_evaluators,0.001300
prover,256,round_stir_ood_values,0.000400
prover,256,round_stir_eq_weights,0.004700
prover,256,round_stir_tensor_product,0.001900
prover,256,round_stir_in_domain_values,0.042300
prover,256,round_stir_rlc,0.004100
prover,256,round_stir_accumulate_many,0.289800
prover,256,round_stir_dot,0.002900
prover,256,round_stir_constraints,0.366200
prover,256,round_sumcheck_folding,2.387200
cpu,131072,rs_zero_pad,0.000200
cpu,131072,cpu_ntt,3.350300
cpu,131072,rs_transpose,1.624100
prover,131072,witness_encoding,5.584100
cpu,131072,merkle_leaf_encode,0.139500
cpu,8192,merkle_leaf_hash,0.484700
prover,8192,merkle_leaf_total,1.576500
cpu,8192,merkle_internal_hash,0.168900
prover,8192,merkle_build_total,0.331600
prover,16,ood_evaluation,0.002400
prover,131072,round_commit,7.648400
prover,16,round_pow,8.597500
prover,16384,opening,0.176900
prover,16,round_stir_evaluators,0.001900
prover,16,round_stir_ood_values,0.001100
prover,16,round_stir_eq_weights,0.007300
prover,16,round_stir_tensor_product,0.003300
prover,16,round_stir_in_domain_values,0.041600
prover,16,round_stir_rlc,0.004600
prover,16,round_stir_accumulate_many,0.020000
prover,16,round_stir_dot,0.002700
prover,16,round_stir_constraints,0.110600
prover,16,round_sumcheck_folding,2.562400
prover,1,final_pow,1.533000
prover,8192,final_opening,0.061100
prover,1,final_sumcheck,0.000500
prover,1048576,prove_total,314.059800
prover,1048576,total_prover,387.052400
