mode,size,stage,time_ms
prover,1048576,witness_generation,2.229400
cpu,2097152,rs_zero_pad,1.168400
cpu,2097152,cpu_ntt,38.331500
cpu,2097152,rs_transpose,23.560500
prover,2097152,witness_encoding,65.673500
cpu,2097152,merkle_leaf_encode,1.073200
cpu,131072,merkle_leaf_hash,1.740200
prover,131072,merkle_leaf_total,7.064600
cpu,131072,merkle_internal_hash,1.765000
prover,131072,merkle_build_total,3.668000
prover,1048576,ood_evaluation,11.476000
prover,1048576,commit_total,89.533000
prover,1048576,prove_ood_completion,0.004500
prover,1048576,vector_rlc,5.021100
prover,1048576,sumcheck_compute,5.468800
prover,1048576,sumcheck_fold_a,1.773100
prover,1048576,sumcheck_fold_b,6.828700
prover,524288,sumcheck_compute,4.601400
prover,524288,sumcheck_fold_a,0.926800
prover,524288,sumcheck_fold_b,3.462500
prover,262144,sumcheck_compute,2.308200
prover,262144,sumcheck_fold_a,0.473000
prover,262144,sumcheck_fold_b,1.710300
prover,131072,sumcheck_compute,1.171000
prover,131072,sumcheck_fold_a,0.237200
prover,131072,sumcheck_fold_b,0.830900
prover,1048576,initial_sumcheck,30.020800
cpu,1048576,rs_zero_pad,0.211100
cpu,1048576,cpu_ntt,43.637500
cpu,1048576,rs_transpose,20.848600
prover,1048576,witness_encoding,70.462800
cpu,1048576,merkle_leaf_encode,1.386500
cpu,65536,merkle_leaf_hash,2.128000
prover,65536,merkle_leaf_total,11.357100
cpu,65536,merkle_internal_hash,0.858500
prover,65536,merkle_build_total,1.673200
prover,65536,ood_evaluation,0.806200
prover,1048576,round_commit,85.101100
prover,65536,round_pow,5.798400
prover,131072,opening,0.360300
prover,65536,round_stir_evaluators,0.002800
prover,65536,round_stir_ood_values,0.006500
prover,65536,round_stir_eq_weights,0.006200
prover,65536,round_stir_tensor_product,0.002000
prover,65536,round_stir_in_domain_values,0.180100
prover,65536,round_stir_rlc,0.023200
prover,65536,round_stir_accumulate_many,79.758100
prover,65536,round_stir_dot,0.020500
prover,65536,round_stir_constraints,80.056000
prover,65536,sumcheck_compute,1.021300
prover,65536,sumcheck_fold_a,1.320900
prover,65536,sumcheck_fold_b,0.932700
prover,32768,sumcheck_compute,0.345400
prover,32768,sumcheck_fold_a,0.112900
prover,32768,sumcheck_fold_b,0.400600
prover,16384,sumcheck_compute,0.290200
prover,16384,sumcheck_fold_a,0.070500
prover,16384,sumcheck_fold_b,0.367700
prover,8192,sumcheck_compute,0.157300
prover,8192,sumcheck_fold_a,0.032700
prover,8192,sumcheck_fold_b,0.070800
prover,65536,round_sumcheck_folding,5.414600
cpu,524288,rs_zero_pad,0.015200
cpu,524288,cpu_ntt,20.573200
cpu,524288,rs_transpose,10.764000
prover,524288,witness_encoding,35.255500
cpu,524288,merkle_leaf_encode,0.905800
cpu,32768,merkle_leaf_hash,1.669400
prover,32768,merkle_leaf_total,7.739600
cpu,32768,merkle_internal_hash,0.722300
prover,32768,merkle_build_total,1.241500
prover,4096,ood_evaluation,0.112700
prover,524288,round_commit,44.929000
prover,4096,round_pow,3.115200
prover,65536,opening,0.260600
prover,4096,round_stir_evaluators,0.006300
prover,4096,round_stir_ood_values,0.001100
prover,4096,round_stir_eq_weights,0.007600
prover,4096,round_stir_tensor_product,0.002900
prover,4096,round_stir_in_domain_values,0.101700
prover,4096,round_stir_rlc,0.008600
prover,4096,round_stir_accumulate_many,2.544100
prover,4096,round_stir_dot,0.005500
prover,4096,round_stir_constraints,2.722300
prover,4096,sumcheck_compute,0.250400
prover,4096,sumcheck_fold_a,0.036100
prover,4096,sumcheck_fold_b,0.171200
prover,2048,sumcheck_compute,0.116400
prover,2048,sumcheck_fold_a,0.022300
prover,2048,sumcheck_fold_b,0.085000
prover,1024,sumcheck_compute,0.060400
prover,1024,sumcheck_fold_a,0.008800
prover,1024,sumcheck_fold_b,0.044300
prover,512,sumcheck_compute,0.031800
prover,512,sumcheck_fold_a,0.003900
prover,512,sumcheck_fold_b,0.022500
prover,4096,round_sumcheck_folding,0.919300
cpu,262144,rs_zero_pad,0.001200
cpu,262144,cpu_ntt,7.375400
cpu,262144,rs_transpose,5.981500
prover,262144,witness_encoding,14.649900
cpu,262144,merkle_leaf_encode,0.367900
cpu,16384,merkle_leaf_hash,0.743400
prover,16384,merkle_leaf_total,3.565700
cpu,16384,merkle_internal_hash,0.481600
prover,16384,merkle_build_total,0.775600
prover,256,ood_evaluation,0.027700
prover,262144,round_commit,19.258600
prover,256,round_pow,5.061800
prover,32768,opening,0.072200
prover,256,round_stir_evaluators,0.001600
prover,256,round_stir_ood_values,0.001200
prover,256,round_stir_eq_weights,0.005700
prover,256,round_stir_tensor_product,0.002800
prover,256,round_stir_in_domain_values,0.049400
prover,256,round_stir_rlc,0.005100
prover,256,round_stir_accumulate_many,0.315400
prover,256,round_stir_dot,0.003400
prover,256,round_stir_constraints,0.410500
prover,256,sumcheck_compute,0.017400
prover,256,sumcheck_fold_a,0.003500
prover,256,sumcheck_fold_b,0.019000
prover,128,sumcheck_compute,0.009800
prover,128,sumcheck_fold_a,0.001600
prover,128,sumcheck_fold_b,0.006300
prover,64,sumcheck_compute,0.004900
prover,64,sumcheck_fold_a,0.001700
prover,64,sumcheck_fold_b,0.003500
prover,32,sumcheck_compute,0.002000
prover,32,sumcheck_fold_a,0.001800
prover,32,sumcheck_fold_b,0.002800
prover,256,round_sumcheck_folding,2.623000
cpu,131072,rs_zero_pad,0.000600
cpu,131072,cpu_ntt,3.061500
cpu,131072,rs_transpose,2.084800
prover,131072,witness_encoding,6.005800
cpu,131072,merkle_leaf_encode,0.130900
cpu,8192,merkle_leaf_hash,0.631300
prover,8192,merkle_leaf_total,2.226200
cpu,8192,merkle_internal_hash,0.179000
prover,8192,merkle_build_total,0.318900
prover,16,ood_evaluation,0.002500
prover,131072,round_commit,8.796900
prover,16,round_pow,10.388600
prover,16384,opening,0.128400
prover,16,round_stir_evaluators,0.001300
prover,16,round_stir_ood_values,0.000800
prover,16,round_stir_eq_weights,0.004700
prover,16,round_stir_tensor_product,0.002700
prover,16,round_stir_in_domain_values,0.032900
prover,16,round_stir_rlc,0.003000
prover,16,round_stir_accumulate_many,0.015100
prover,16,round_stir_dot,0.004000
prover,16,round_stir_constraints,0.080200
prover,16,sumcheck_compute,0.001700
prover,16,sumcheck_fold_a,0.001100
prover,16,sumcheck_fold_b,0.001100
prover,8,sumcheck_compute,0.000700
prover,8,sumcheck_fold_a,0.001200
prover,8,sumcheck_fold_b,0.000900
prover,4,sumcheck_compute,0.000500
prover,4,sumcheck_fold_a,0.000600
prover,4,sumcheck_fold_b,0.000600
prover,2,sumcheck_compute,0.000300
prover,2,sumcheck_fold_a,0.001200
prover,2,sumcheck_fold_b,0.000900
prover,16,round_sumcheck_folding,2.192900
prover,1,final_pow,1.740200
prover,8192,final_opening,0.052700
prover,1,final_sumcheck,0.000700
prover,1048576,prove_total,366.427300
prover,1048576,total_prover,455.960300
