=========================================
Whir (PCS) 🌪️
Field: Goldilocks3 and hash: Blake3
Security level: 128.00 bits using list decoding
Source field: 64.00 bits, target field: 192.00 bits
Initial:
  commit   size 1×1048576/16 rate 2⁻1.00 samples 252 in- 1 out-domain
  sumcheck size 1048576 rounds 4 pow 0.00
Round 0:
  commit   size 1×65536/16 rate 2⁻4.00 samples 56 in- 1 out-domain
  pow      19.74 bits
  sumcheck size 65536 rounds 4 pow 0.00
Round 1:
  commit   size 1×4096/16 rate 2⁻7.00 samples 32 in- 1 out-domain
  pow      19.94 bits
  sumcheck size 4096 rounds 4 pow 0.00
Round 2:
  commit   size 1×256/16 rate 2⁻10.00 samples 22 in- 1 out-domain
  pow      18.25 bits
  sumcheck size 256 rounds 4 pow 2.25
Round 3:
  commit   size 1×16/16 rate 2⁻13.00 samples 17 in- 1 out-domain
  pow      19.55 bits
  sumcheck size 16 rounds 4 pow 4.75
Final:
  pow      18.70bits
  sumcheck size 1 rounds 0 pow 0.00
------------------------------------
Round by round soundness analysis:
------------------------------------
no loss -- initial vector RLC (1 vector)
188.8 bits -- initial linear-form RLC (10 linear form)
164.4 bits -- OOD commitment
133.2 bits -- (x4) prox gaps: 133.2, sumcheck: 186.7, pow: 0.0, list size 2^4.3
162.4 bits -- OOD sample
128.0 bits -- query error: 108.3, combination: 175.7, pow: 19.7
130.7 bits -- (x4) prox gaps: 130.7, sumcheck: 183.7, pow: 0.0, list size 2^7.3
160.4 bits -- OOD sample
128.0 bits -- query error: 108.1, combination: 174.8, pow: 19.9
128.2 bits -- (x4) prox gaps: 128.2, sumcheck: 180.7, pow: 0.0, list size 2^10.3
158.4 bits -- OOD sample
128.0 bits -- query error: 109.7, combination: 172.6, pow: 18.3
128.0 bits -- (x4) prox gaps: 125.7, sumcheck: 177.7, pow: 2.3, list size 2^13.3
156.4 bits -- OOD sample
128.0 bits -- query error: 108.5, combination: 170.2, pow: 19.5
128.0 bits -- (x4) prox gaps: 123.2, sumcheck: 174.7, pow: 4.8, list size 2^16.3
128.0 bits -- query error: 109.3, pow: 18.7

Prover time: 37.4ms + 203.4ms = 240.8ms
Proof size: 180.2 KiB
Verifier time: 1.6ms
Average hashes: 4.0k
