mode,size,stage,time_ms
prover,262144,witness_generation,0.589000
cpu,524288,rs_zero_pad,0.296000
cpu,524288,cpu_ntt,48.517300
cpu,524288,rs_transpose,4.264100
prover,524288,witness_encoding,54.060200
cpu,524288,merkle_leaf_encode,1.269000
cpu,32768,merkle_leaf_hash,2.272000
prover,32768,merkle_leaf_total,4.704800
cpu,32768,merkle_internal_hash,0.744900
prover,32768,merkle_build_total,1.338800
prover,262144,ood_evaluation,22.579200
prover,262144,commit_total,83.295300
prover,262144,prove_ood_completion,0.005600
prover,262144,vector_rlc,2.380200
prover,262144,initial_sumcheck,49.977900
cpu,262144,rs_zero_pad,0.067700
cpu,262144,cpu_ntt,58.994900
cpu,262144,rs_transpose,4.069200
prover,262144,witness_encoding,64.491400
cpu,262144,merkle_leaf_encode,1.737600
cpu,16384,merkle_leaf_hash,2.677000
prover,16384,merkle_leaf_total,6.298200
cpu,16384,merkle_internal_hash,0.341100
prover,16384,merkle_build_total,0.659700
prover,16384,ood_evaluation,1.278100
prover,262144,round_commit,73.005500
prover,16384,round_pow,0.000100
prover,32768,opening,0.363600
prover,16384,round_stir_constraints,185.184200
prover,16384,round_sumcheck_folding,3.364700
cpu,131072,rs_zero_pad,0.003500
cpu,131072,cpu_ntt,29.297800
cpu,131072,rs_transpose,1.676900
prover,131072,witness_encoding,31.665100
cpu,131072,merkle_leaf_encode,0.462400
cpu,8192,merkle_leaf_hash,0.868900
prover,8192,merkle_leaf_total,2.106300
cpu,8192,merkle_internal_hash,0.164600
prover,8192,merkle_build_total,0.337100
prover,1024,ood_evaluation,0.079500
prover,131072,round_commit,34.333000
prover,1024,round_pow,0.000100
prover,16384,opening,0.158300
prover,1024,round_stir_constraints,2.659000
prover,1024,round_sumcheck_folding,0.209200
cpu,65536,rs_zero_pad,0.000400
cpu,65536,cpu_ntt,7.861100
cpu,65536,rs_transpose,0.773400
prover,65536,witness_encoding,8.989000
cpu,65536,merkle_leaf_encode,0.300000
cpu,4096,merkle_leaf_hash,0.543700
prover,4096,merkle_leaf_total,1.300100
cpu,4096,merkle_internal_hash,0.095400
prover,4096,merkle_build_total,0.187600
prover,64,ood_evaluation,0.005000
prover,65536,round_commit,10.526500
prover,64,round_pow,0.000200
prover,8192,opening,0.050300
prover,64,round_stir_constraints,0.161300
prover,64,round_sumcheck_folding,0.027300
prover,4,final_pow,0.000000
prover,4096,final_opening,0.027200
prover,4,final_sumcheck,0.003900
prover,262144,prove_total,393.878100
prover,262144,total_prover,477.173400
