mode,size,stage,time_ms
prover,262144,witness_generation,0.503000
cpu,524288,rs_zero_pad,0.158200
cpu,524288,cpu_ntt,7.046400
cpu,524288,rs_transpose,3.736500
prover,524288,witness_encoding,11.638600
cpu,524288,merkle_leaf_encode,0.162500
cpu,32768,merkle_leaf_hash,0.720800
prover,32768,merkle_leaf_total,1.901900
cpu,32768,merkle_internal_hash,1.367900
prover,32768,merkle_build_total,1.994600
prover,262144,ood_evaluation,18.832200
prover,262144,commit_total,34.863200
prover,262144,prove_ood_completion,0.004800
prover,262144,vector_rlc,1.117400
prover,262144,initial_sumcheck,10.625300
cpu,262144,rs_zero_pad,0.048000
cpu,262144,cpu_ntt,11.178700
cpu,262144,rs_transpose,3.433500
prover,262144,witness_encoding,15.783000
cpu,262144,merkle_leaf_encode,0.249900
cpu,16384,merkle_leaf_hash,0.732000
prover,16384,merkle_leaf_total,2.499700
cpu,16384,merkle_internal_hash,0.181200
prover,16384,merkle_build_total,0.391400
prover,16384,ood_evaluation,1.250400
prover,262144,round_commit,20.224600
prover,16384,round_pow,0.000100
prover,32768,opening,0.269100
prover,16384,round_stir_constraints,27.877400
prover,16384,round_sumcheck_folding,1.552100
cpu,131072,rs_zero_pad,0.002300
cpu,131072,cpu_ntt,4.873100
cpu,131072,rs_transpose,1.719200
prover,131072,witness_encoding,7.162000
cpu,131072,merkle_leaf_encode,0.171300
cpu,8192,merkle_leaf_hash,0.325600
prover,8192,merkle_leaf_total,1.485900
cpu,8192,merkle_internal_hash,0.146100
prover,8192,merkle_build_total,0.280300
prover,1024,ood_evaluation,0.088800
prover,131072,round_commit,9.150800
prover,1024,round_pow,0.000200
prover,16384,opening,0.179300
prover,1024,round_stir_constraints,3.225800
prover,1024,round_sumcheck_folding,0.381600
cpu,65536,rs_zero_pad,0.000300
cpu,65536,cpu_ntt,2.270000
cpu,65536,rs_transpose,0.656900
prover,65536,witness_encoding,3.243200
cpu,65536,merkle_leaf_encode,0.040100
cpu,4096,merkle_leaf_hash,0.251700
prover,4096,merkle_leaf_total,0.690900
cpu,4096,merkle_internal_hash,0.077700
prover,4096,merkle_build_total,0.160200
prover,64,ood_evaluation,0.005600
prover,65536,round_commit,4.177400
prover,64,round_pow,0.000200
prover,8192,opening,0.053900
prover,64,round_stir_constraints,0.174100
prover,64,round_sumcheck_folding,0.023700
prover,4,final_pow,0.000000
prover,4096,final_opening,0.027500
prover,4,final_sumcheck,0.004200
prover,262144,prove_total,90.961500
prover,262144,total_prover,125.824700
