mode,size,stage,time_ms
prover,262144,witness_generation,0.507800
cpu,524288,rs_zero_pad,0.185500
cpu,524288,cpu_ntt,7.837100
cpu,524288,rs_transpose,3.281800
prover,524288,witness_encoding,12.070900
cpu,524288,merkle_leaf_encode,0.196000
cpu,32768,merkle_leaf_hash,0.532900
prover,32768,merkle_leaf_total,1.867200
cpu,32768,merkle_internal_hash,0.732800
prover,32768,merkle_build_total,1.232200
prover,262144,ood_evaluation,19.757100
prover,262144,commit_total,35.412500
prover,262144,prove_ood_completion,0.003500
prover,262144,vector_rlc,1.075000
prover,262144,initial_sumcheck,13.552400
cpu,262144,rs_zero_pad,0.042300
cpu,262144,cpu_ntt,11.121600
cpu,262144,rs_transpose,3.916200
prover,262144,witness_encoding,16.236900
cpu,262144,merkle_leaf_encode,0.269700
cpu,16384,merkle_leaf_hash,0.524600
prover,16384,merkle_leaf_total,2.401700
cpu,16384,merkle_internal_hash,0.240900
prover,16384,merkle_build_total,0.571200
prover,16384,ood_evaluation,1.300200
prover,262144,round_commit,20.756800
prover,16384,round_pow,0.000100
prover,32768,opening,0.275300
prover,16384,round_stir_constraints,104.872500
prover,16384,round_sumcheck_folding,1.663700
cpu,131072,rs_zero_pad,0.002300
cpu,131072,cpu_ntt,4.951800
cpu,131072,rs_transpose,1.603000
prover,131072,witness_encoding,7.221000
cpu,131072,merkle_leaf_encode,0.123700
cpu,8192,merkle_leaf_hash,0.334200
prover,8192,merkle_leaf_total,1.311100
cpu,8192,merkle_internal_hash,0.177000
prover,8192,merkle_build_total,0.363800
prover,1024,ood_evaluation,0.103200
prover,131072,round_commit,9.168100
prover,1024,round_pow,0.000300
prover,16384,opening,0.163700
prover,1024,round_stir_constraints,3.281500
prover,1024,round_sumcheck_folding,0.228600
cpu,65536,rs_zero_pad,0.000300
cpu,65536,cpu_ntt,2.223300
cpu,65536,rs_transpose,0.670600
prover,65536,witness_encoding,3.224200
cpu,65536,merkle_leaf_encode,0.068300
cpu,4096,merkle_leaf_hash,0.422400
prover,4096,merkle_leaf_total,1.011600
cpu,4096,merkle_internal_hash,0.103100
prover,4096,merkle_build_total,0.195500
prover,64,ood_evaluation,0.007700
prover,65536,round_commit,4.573200
prover,64,round_pow,0.000100
prover,8192,opening,0.071200
prover,64,round_stir_constraints,0.218700
prover,64,round_sumcheck_folding,0.035400
prover,4,final_pow,0.000000
prover,4096,final_opening,0.046300
prover,4,final_sumcheck,0.007100
prover,262144,prove_total,178.285900
prover,262144,total_prover,213.698400
