[PROFILE] irs_commit::RS_encode: 7.9ms
[PROFILE] matrix_commit::hash_rows: 416.6µs
[PROFILE] matrix_commit::merkle_tree: 194.7µs
[PROFILE] irs_commit::matrix_commit: 705.9µs
[PROFILE] irs_commit::OOD_eval: 3.0ms
[PROFILE] prove::OOD_cross_terms: 2.6µs
[PROFILE] prove::vector_RLC: 315.3µs
[PROFILE] prove::constraint_RLC_sum: 4.9ms
[PROFILE] prove::initial_sumcheck: 9.7ms
[PROFILE] irs_commit::RS_encode: 11.6ms
[PROFILE] matrix_commit::hash_rows: 791.8µs
[PROFILE] matrix_commit::merkle_tree: 132.0µs
[PROFILE] irs_commit::matrix_commit: 1.0ms
[PROFILE] irs_commit::OOD_eval: 248.6µs
[PROFILE] prove::round0_irs_commit: 12.9ms
[PROFILE] prove::round0_pow: 200.0ns
[PROFILE] prove::round0_open: 280.4µs
[PROFILE] prove::round0_sumcheck: 727.6µs
[PROFILE] prove::round0_total: 59.1ms
[PROFILE] irs_commit::RS_encode: 4.7ms
[PROFILE] matrix_commit::hash_rows: 464.8µs
[PROFILE] matrix_commit::merkle_tree: 172.2µs
[PROFILE] irs_commit::matrix_commit: 694.5µs
[PROFILE] irs_commit::OOD_eval: 20.6µs
[PROFILE] prove::round1_irs_commit: 5.5ms
[PROFILE] prove::round1_pow: 200.0ns
[PROFILE] prove::round1_open: 262.3µs
[PROFILE] prove::round1_sumcheck: 56.2µs
[PROFILE] prove::round1_total: 6.6ms
[PROFILE] irs_commit::RS_encode: 1.5ms
[PROFILE] matrix_commit::hash_rows: 234.2µs
[PROFILE] matrix_commit::merkle_tree: 21.4µs
[PROFILE] irs_commit::matrix_commit: 280.4µs
[PROFILE] irs_commit::OOD_eval: 5.4µs
[PROFILE] prove::round2_irs_commit: 1.8ms
[PROFILE] prove::round2_pow: 100.0ns
[PROFILE] prove::round2_open: 33.5µs
[PROFILE] prove::round2_sumcheck: 11.3µs
[PROFILE] prove::round2_total: 2.1ms
[PROFILE] prove::STIR_rounds_total: 67.9ms
[PROFILE] prove::final_pow: 100.0ns
[PROFILE] prove::final_open: 19.0µs
[PROFILE] prove::final_sumcheck: 100.0ns
