mode,size,stage,time_ms
prover,262144,witness_generation,0.500900
cpu,524288,rs_zero_pad,0.175300
cpu,524288,cpu_ntt,37.364300
cpu,524288,rs_transpose,2.957000
prover,524288,witness_encoding,41.234500
cpu,524288,merkle_leaf_encode,0.606700
cpu,32768,merkle_leaf_hash,1.017900
prover,32768,merkle_leaf_total,2.527200
cpu,32768,merkle_internal_hash,0.568900
prover,32768,merkle_build_total,0.979600
prover,262144,ood_evaluation,16.433200
prover,262144,commit_total,61.594100
prover,262144,prove_ood_completion,0.002900
prover,262144,vector_rlc,1.602600
prover,262144,initial_sumcheck,41.654800
cpu,262144,rs_zero_pad,0.032700
cpu,262144,cpu_ntt,50.501600
cpu,262144,rs_transpose,3.701100
prover,262144,witness_encoding,55.186400
cpu,262144,merkle_leaf_encode,1.000700
cpu,16384,merkle_leaf_hash,1.787100
prover,16384,merkle_leaf_total,4.555500
cpu,16384,merkle_internal_hash,0.271600
prover,16384,merkle_build_total,0.601600
prover,16384,ood_evaluation,1.078600
prover,262144,round_commit,61.592300
prover,16384,round_pow,0.000200
prover,32768,opening,0.309500
prover,16384,round_sumcheck_folding,3.472000
cpu,131072,rs_zero_pad,0.002100
cpu,131072,cpu_ntt,25.099900
cpu,131072,rs_transpose,2.049600
prover,131072,witness_encoding,27.726700
cpu,131072,merkle_leaf_encode,0.459400
cpu,8192,merkle_leaf_hash,0.751100
prover,8192,merkle_leaf_total,2.045900
cpu,8192,merkle_internal_hash,0.129200
prover,8192,merkle_build_total,0.273500
prover,1024,ood_evaluation,0.065000
prover,131072,round_commit,30.239700
prover,1024,round_pow,0.000100
prover,16384,opening,0.113300
prover,1024,round_sumcheck_folding,0.188500
cpu,65536,rs_zero_pad,0.000400
cpu,65536,cpu_ntt,7.361300
cpu,65536,rs_transpose,0.651600
prover,65536,witness_encoding,8.306200
cpu,65536,merkle_leaf_encode,0.240400
cpu,4096,merkle_leaf_hash,0.445400
prover,4096,merkle_leaf_total,1.226100
cpu,4096,merkle_internal_hash,0.081800
prover,4096,merkle_build_total,0.159800
prover,64,ood_evaluation,0.006000
prover,65536,round_commit,9.785300
prover,64,round_pow,0.000200
prover,8192,opening,0.089200
prover,64,round_sumcheck_folding,0.024100
prover,4,final_pow,0.000000
prover,4096,final_opening,0.031200
prover,4,final_sumcheck,0.006300
prover,262144,prove_total,346.202400
prover,262144,total_prover,407.796500
