=========================================
Whir (PCS) 🌪️
Field: Goldilocks3 and hash: Blake3
Security level: 128.02 bits using list decoding
Source field: 64.00 bits, target field: 192.00 bits
Initial:
  commit   size 1x262144/16 rate 2^-1.00 samples 298 in- 1 out-domain
  sumcheck size 262144 rounds 4 pow 0.00
Round 0:
  commit   size 1x16384/16 rate 2^-4.00 samples 67 in- 1 out-domain
  pow      0.00 bits
  sumcheck size 16384 rounds 4 pow 0.00
Round 1:
  commit   size 1x1024/16 rate 2^-7.00 samples 38 in- 1 out-domain
  pow      0.00 bits
  sumcheck size 1024 rounds 4 pow 0.00
Round 2:
  commit   size 1x64/16 rate 2^-10.00 samples 26 in- 1 out-domain
  pow      0.00 bits
  sumcheck size 64 rounds 4 pow 0.00
Final:
  pow      0.00bits
  sumcheck size 4 rounds 2 pow 0.00

Prover time: 35.4ms + 178.3ms = 213.7ms
Proof size: 171.2 KiB
Verifier time: 1.6ms
Average hashes: 3.5k
