[PROFILE] irs_commit::RS_encode: 32.4ms
[PROFILE] matrix_commit::hash_rows: 1.5ms
[PROFILE] matrix_commit::merkle_tree: 643.1µs
[PROFILE] irs_commit::matrix_commit: 2.4ms
[PROFILE] irs_commit::OOD_eval: 11.8ms
[PROFILE] prove::OOD_cross_terms: 300.0ns
[PROFILE] prove::vector_RLC: 1.1ms
[PROFILE] prove::constraint_RLC_sum: 19.8ms
[PROFILE] prove::initial_sumcheck: 39.0ms
[PROFILE] irs_commit::RS_encode: 58.2ms
[PROFILE] matrix_commit::hash_rows: 2.7ms
[PROFILE] matrix_commit::merkle_tree: 642.5µs
[PROFILE] irs_commit::matrix_commit: 3.5ms
[PROFILE] irs_commit::OOD_eval: 816.6µs
[PROFILE] prove::round0_irs_commit: 62.6ms
[PROFILE] prove::round0_pow: 300.0ns
[PROFILE] prove::round0_open: 394.8µs
[PROFILE] prove::round0_stir_constraints: 175.3ms
[PROFILE] prove::round0_sumcheck: 3.0ms
[PROFILE] prove::round0_total: 241.3ms
[PROFILE] irs_commit::RS_encode: 29.0ms
[PROFILE] matrix_commit::hash_rows: 1.3ms
[PROFILE] matrix_commit::merkle_tree: 172.5µs
[PROFILE] irs_commit::matrix_commit: 1.6ms
[PROFILE] irs_commit::OOD_eval: 93.8µs
[PROFILE] prove::round1_irs_commit: 30.8ms
[PROFILE] prove::round1_pow: 300.0ns
[PROFILE] prove::round1_open: 380.8µs
[PROFILE] prove::round1_stir_constraints: 2.7ms
[PROFILE] prove::round1_sumcheck: 241.3µs
[PROFILE] prove::round1_total: 34.2ms
[PROFILE] irs_commit::RS_encode: 8.7ms
[PROFILE] matrix_commit::hash_rows: 744.1µs
[PROFILE] matrix_commit::merkle_tree: 149.4µs
[PROFILE] irs_commit::matrix_commit: 979.6µs
[PROFILE] irs_commit::OOD_eval: 9.6µs
[PROFILE] prove::round2_irs_commit: 9.8ms
[PROFILE] prove::round2_pow: 200.0ns
[PROFILE] prove::round2_open: 147.2µs
[PROFILE] prove::round2_stir_constraints: 192.6µs
[PROFILE] prove::round2_sumcheck: 19.2µs
[PROFILE] prove::round2_total: 10.2ms
[PROFILE] prove::STIR_rounds_total: 285.8ms
[PROFILE] prove::final_pow: 0.0ns
[PROFILE] prove::final_open: 118.6µs
[PROFILE] prove::final_sumcheck: 4.8µs
