[PROFILE] irs_commit::RS_encode: 9.1ms
[PROFILE] matrix_commit::hash_rows: 397.4µs
[PROFILE] matrix_commit::merkle_tree: 446.4µs
[PROFILE] irs_commit::matrix_commit: 1.1ms
[PROFILE] irs_commit::OOD_eval: 2.3ms
[PROFILE] prove::OOD_cross_terms: 800.0ns
[PROFILE] prove::vector_RLC: 580.8µs
[PROFILE] prove::constraint_RLC_sum: 4.5ms
[PROFILE] prove::initial_sumcheck: 8.1ms
[PROFILE] irs_commit::RS_encode: 12.4ms
[PROFILE] matrix_commit::hash_rows: 776.9µs
[PROFILE] matrix_commit::merkle_tree: 272.1µs
[PROFILE] irs_commit::matrix_commit: 1.2ms
[PROFILE] irs_commit::OOD_eval: 252.6µs
[PROFILE] prove::round0_irs_commit: 14.0ms
[PROFILE] prove::round0_pow: 500.0ns
[PROFILE] prove::round0_open: 893.2µs
[PROFILE] prove::round0_stir_constraints: 33.3ms
[PROFILE] prove::round0_sumcheck: 2.4ms
[PROFILE] prove::round0_total: 50.7ms
[PROFILE] irs_commit::RS_encode: 7.0ms
[PROFILE] matrix_commit::hash_rows: 425.4µs
[PROFILE] matrix_commit::merkle_tree: 256.0µs
[PROFILE] irs_commit::matrix_commit: 790.8µs
[PROFILE] irs_commit::OOD_eval: 67.2µs
[PROFILE] prove::round1_irs_commit: 7.9ms
[PROFILE] prove::round1_pow: 300.0ns
[PROFILE] prove::round1_open: 482.3µs
[PROFILE] prove::round1_stir_constraints: 2.7ms
[PROFILE] prove::round1_sumcheck: 275.6µs
[PROFILE] prove::round1_total: 11.5ms
[PROFILE] irs_commit::RS_encode: 2.8ms
[PROFILE] matrix_commit::hash_rows: 174.7µs
[PROFILE] matrix_commit::merkle_tree: 147.0µs
[PROFILE] irs_commit::matrix_commit: 453.5µs
[PROFILE] irs_commit::OOD_eval: 9.5µs
[PROFILE] prove::round2_irs_commit: 3.3ms
[PROFILE] prove::round2_pow: 200.0ns
[PROFILE] prove::round2_open: 271.7µs
[PROFILE] prove::round2_stir_constraints: 179.9µs
[PROFILE] prove::round2_sumcheck: 26.5µs
[PROFILE] prove::round2_total: 3.8ms
[PROFILE] prove::STIR_rounds_total: 66.1ms
[PROFILE] prove::final_pow: 0.0ns
[PROFILE] prove::final_open: 109.5µs
[PROFILE] prove::final_sumcheck: 6.0µs
