mode,size,stage,time_ms
prover,262144,witness_generation,0.668000
cpu,524288,rs_zero_pad,0.167800
cpu,524288,cpu_ntt,38.042900
cpu,524288,rs_transpose,3.056200
prover,524288,witness_encoding,42.099800
cpu,524288,merkle_leaf_encode,0.752800
cpu,32768,merkle_leaf_hash,1.108700
prover,32768,merkle_leaf_total,3.077000
cpu,32768,merkle_internal_hash,0.581300
prover,32768,merkle_build_total,1.231800
prover,262144,ood_evaluation,16.807100
prover,262144,commit_total,63.884300
prover,262144,prove_ood_completion,0.004000
prover,262144,vector_rlc,1.732900
prover,262144,initial_sumcheck,42.404000
cpu,262144,rs_zero_pad,0.061200
cpu,262144,cpu_ntt,55.469200
cpu,262144,rs_transpose,3.140200
prover,262144,witness_encoding,59.972400
cpu,262144,merkle_leaf_encode,0.987700
cpu,16384,merkle_leaf_hash,1.776100
prover,16384,merkle_leaf_total,4.265700
cpu,16384,merkle_internal_hash,0.306700
prover,16384,merkle_build_total,0.534800
prover,16384,ood_evaluation,1.114300
prover,262144,round_commit,66.124400
prover,16384,round_pow,0.000200
prover,32768,opening,0.209500
prover,16384,round_stir_constraints,169.511300
prover,16384,round_sumcheck_folding,3.314800
cpu,131072,rs_zero_pad,0.004800
cpu,131072,cpu_ntt,24.010300
cpu,131072,rs_transpose,1.644400
prover,131072,witness_encoding,26.324400
cpu,131072,merkle_leaf_encode,0.463800
cpu,8192,merkle_leaf_hash,0.838000
prover,8192,merkle_leaf_total,2.070200
cpu,8192,merkle_internal_hash,0.148200
prover,8192,merkle_build_total,0.300400
prover,1024,ood_evaluation,0.073500
prover,131072,round_commit,28.943100
prover,1024,round_pow,0.000400
prover,16384,opening,0.152100
prover,1024,round_stir_constraints,2.636300
prover,1024,round_sumcheck_folding,0.184900
cpu,65536,rs_zero_pad,0.000500
cpu,65536,cpu_ntt,7.423100
cpu,65536,rs_transpose,0.737500
prover,65536,witness_encoding,8.489100
cpu,65536,merkle_leaf_encode,0.351800
cpu,4096,merkle_leaf_hash,0.438200
prover,4096,merkle_leaf_total,1.260500
cpu,4096,merkle_internal_hash,0.068700
prover,4096,merkle_build_total,0.134100
prover,64,ood_evaluation,0.004900
prover,65536,round_commit,9.947400
prover,64,round_pow,0.000200
prover,8192,opening,0.045300
prover,64,round_stir_constraints,0.147100
prover,64,round_sumcheck_folding,0.027100
prover,4,final_pow,0.000100
prover,4096,final_opening,0.020600
prover,4,final_sumcheck,0.003400
prover,262144,prove_total,347.176400
prover,262144,total_prover,411.060700
