mode,size,stage,time_ms
prover,262144,witness_generation,0.512100
cpu,524288,rs_zero_pad,0.256800
cpu,524288,cpu_ntt,7.548400
cpu,524288,rs_transpose,3.129800
prover,524288,witness_encoding,11.632000
cpu,524288,merkle_leaf_encode,0.190700
cpu,32768,merkle_leaf_hash,0.656500
prover,32768,merkle_leaf_total,1.995300
cpu,32768,merkle_internal_hash,0.626500
prover,32768,merkle_build_total,1.091100
prover,262144,ood_evaluation,18.418900
prover,262144,commit_total,33.696900
prover,262144,prove_ood_completion,0.004000
prover,262144,vector_rlc,1.325600
prover,262144,initial_sumcheck,11.828100
cpu,262144,rs_zero_pad,0.037000
cpu,262144,cpu_ntt,11.466100
cpu,262144,rs_transpose,3.922000
prover,262144,witness_encoding,16.622100
cpu,262144,merkle_leaf_encode,0.229000
cpu,16384,merkle_leaf_hash,0.571900
prover,16384,merkle_leaf_total,2.237300
cpu,16384,merkle_internal_hash,0.431800
prover,16384,merkle_build_total,0.887500
prover,16384,ood_evaluation,1.736400
prover,262144,round_commit,21.787000
prover,16384,round_pow,0.000200
prover,32768,opening,0.341100
prover,16384,round_stir_constraints,28.619800
prover,16384,round_sumcheck_folding,1.568100
cpu,131072,rs_zero_pad,0.002400
cpu,131072,cpu_ntt,4.921700
cpu,131072,rs_transpose,1.564500
prover,131072,witness_encoding,7.128900
cpu,131072,merkle_leaf_encode,0.117100
cpu,8192,merkle_leaf_hash,0.471100
prover,8192,merkle_leaf_total,1.333700
cpu,8192,merkle_internal_hash,0.144500
prover,8192,merkle_build_total,0.302100
prover,1024,ood_evaluation,0.076900
prover,131072,round_commit,8.969800
prover,1024,round_pow,0.000200
prover,16384,opening,0.153500
prover,1024,round_stir_constraints,2.808200
prover,1024,round_sumcheck_folding,0.243200
cpu,65536,rs_zero_pad,0.000300
cpu,65536,cpu_ntt,1.590500
cpu,65536,rs_transpose,0.628400
prover,65536,witness_encoding,2.529100
cpu,65536,merkle_leaf_encode,0.037800
cpu,4096,merkle_leaf_hash,0.245800
prover,4096,merkle_leaf_total,0.681700
cpu,4096,merkle_internal_hash,0.077600
prover,4096,merkle_build_total,0.141200
prover,64,ood_evaluation,0.007400
prover,65536,round_commit,3.438400
prover,64,round_pow,0.000100
prover,8192,opening,0.052000
prover,64,round_stir_constraints,0.193300
prover,64,round_sumcheck_folding,0.033000
prover,4,final_pow,0.000000
prover,4096,final_opening,0.038300
prover,4,final_sumcheck,0.006300
prover,262144,prove_total,90.347400
prover,262144,total_prover,124.044300
