mode,size,stage,time_ms
prover,65536,witness_generation,0.123600
cpu,131072,rs_zero_pad,0.040800
cpu,131072,cpu_ntt,7.792900
cpu,131072,rs_transpose,0.501000
prover,131072,witness_encoding,8.569000
cpu,131072,merkle_leaf_encode,0.152100
cpu,8192,merkle_leaf_hash,0.326700
prover,8192,merkle_leaf_total,0.760700
cpu,8192,merkle_internal_hash,0.183800
prover,8192,merkle_build_total,0.321500
prover,65536,ood_evaluation,4.432300
prover,65536,commit_total,14.223200
prover,65536,prove_ood_completion,0.002900
prover,65536,vector_rlc,0.338500
prover,65536,initial_sumcheck,10.519100
cpu,65536,rs_zero_pad,0.006300
cpu,65536,cpu_ntt,10.169900
cpu,65536,rs_transpose,0.570600
prover,65536,witness_encoding,11.018700
cpu,65536,merkle_leaf_encode,0.228400
cpu,4096,merkle_leaf_hash,0.473000
prover,4096,merkle_leaf_total,1.052700
cpu,4096,merkle_internal_hash,0.098700
prover,4096,merkle_build_total,0.167400
prover,4096,ood_evaluation,0.305700
prover,65536,round_commit,12.617700
prover,4096,round_pow,0.000200
prover,8192,opening,0.189500
prover,4096,round_sumcheck_folding,0.740100
cpu,32768,rs_zero_pad,0.000400
cpu,32768,cpu_ntt,4.420000
cpu,32768,rs_transpose,0.232600
prover,32768,witness_encoding,4.795400
cpu,32768,merkle_leaf_encode,0.128500
cpu,2048,merkle_leaf_hash,0.266300
prover,2048,merkle_leaf_total,0.462900
cpu,2048,merkle_internal_hash,0.051000
prover,2048,merkle_build_total,0.100400
prover,256,ood_evaluation,0.020300
prover,32768,round_commit,5.428800
prover,256,round_pow,0.000200
prover,4096,opening,0.103700
prover,256,round_sumcheck_folding,0.061900
cpu,16384,rs_zero_pad,0.000100
cpu,16384,cpu_ntt,1.338500
cpu,16384,rs_transpose,0.120800
prover,16384,witness_encoding,1.563300
cpu,16384,merkle_leaf_encode,0.066700
cpu,1024,merkle_leaf_hash,0.131000
prover,1024,merkle_leaf_total,0.262000
cpu,1024,merkle_internal_hash,0.027600
prover,1024,merkle_build_total,0.055700
prover,16,ood_evaluation,0.001600
prover,16384,round_commit,1.908500
prover,16,round_pow,0.000100
prover,2048,opening,0.097900
prover,16,round_sumcheck_folding,0.012900
prover,1,final_pow,0.000000
prover,1024,final_opening,0.021300
prover,1,final_sumcheck,0.000100
prover,65536,prove_total,87.112400
prover,65536,total_prover,101.335600
