[PROFILE] irs_commit::RS_encode: 33.1ms
[PROFILE] matrix_commit::hash_rows: 1.6ms
[PROFILE] matrix_commit::merkle_tree: 693.7µs
[PROFILE] irs_commit::matrix_commit: 2.6ms
[PROFILE] irs_commit::OOD_eval: 12.1ms
[PROFILE] prove::OOD_cross_terms: 2.0µs
[PROFILE] prove::vector_RLC: 1.0ms
[PROFILE] prove::constraint_RLC_sum: 20.5ms
[PROFILE] prove::initial_sumcheck: 38.7ms
[PROFILE] irs_commit::RS_encode: 59.1ms
[PROFILE] matrix_commit::hash_rows: 3.0ms
[PROFILE] matrix_commit::merkle_tree: 377.5µs
[PROFILE] irs_commit::matrix_commit: 3.6ms
[PROFILE] irs_commit::OOD_eval: 791.3µs
[PROFILE] prove::round0_irs_commit: 63.6ms
[PROFILE] prove::round0_pow: 400.0ns
[PROFILE] prove::round0_open: 375.4µs
[PROFILE] prove::round0_sumcheck: 3.1ms
[PROFILE] prove::round0_total: 250.3ms
[PROFILE] irs_commit::RS_encode: 28.7ms
[PROFILE] matrix_commit::hash_rows: 1.5ms
[PROFILE] matrix_commit::merkle_tree: 185.5µs
[PROFILE] irs_commit::matrix_commit: 1.8ms
[PROFILE] irs_commit::OOD_eval: 59.4µs
[PROFILE] prove::round1_irs_commit: 30.6ms
[PROFILE] prove::round1_pow: 300.0ns
[PROFILE] prove::round1_open: 304.2µs
[PROFILE] prove::round1_sumcheck: 267.8µs
[PROFILE] prove::round1_total: 34.0ms
[PROFILE] irs_commit::RS_encode: 8.6ms
[PROFILE] matrix_commit::hash_rows: 734.6µs
[PROFILE] matrix_commit::merkle_tree: 130.0µs
[PROFILE] irs_commit::matrix_commit: 935.8µs
[PROFILE] irs_commit::OOD_eval: 9.0µs
[PROFILE] prove::round2_irs_commit: 9.6ms
[PROFILE] prove::round2_pow: 300.0ns
[PROFILE] prove::round2_open: 265.0µs
[PROFILE] prove::round2_sumcheck: 25.8µs
[PROFILE] prove::round2_total: 10.2ms
[PROFILE] prove::STIR_rounds_total: 294.6ms
[PROFILE] prove::final_pow: 100.0ns
[PROFILE] prove::final_open: 117.9µs
[PROFILE] prove::final_sumcheck: 5.6µs
