mode,size,stage,time_ms
prover,262144,witness_generation,0.497600
cpu,524288,rs_zero_pad,0.153400
cpu,524288,cpu_ntt,36.211800
cpu,524288,rs_transpose,2.731000
prover,524288,witness_encoding,39.858100
cpu,524288,merkle_leaf_encode,0.637600
cpu,32768,merkle_leaf_hash,1.015400
prover,32768,merkle_leaf_total,2.788000
cpu,32768,merkle_internal_hash,0.490300
prover,32768,merkle_build_total,0.911900
prover,262144,ood_evaluation,16.645500
prover,262144,commit_total,60.619400
prover,262144,prove_ood_completion,0.002600
prover,262144,vector_rlc,1.388100
prover,262144,initial_sumcheck,39.626200
cpu,262144,rs_zero_pad,0.034700
cpu,262144,cpu_ntt,54.151800
cpu,262144,rs_transpose,3.259800
prover,262144,witness_encoding,58.464000
cpu,262144,merkle_leaf_encode,0.967300
cpu,16384,merkle_leaf_hash,1.682500
prover,16384,merkle_leaf_total,4.003000
cpu,16384,merkle_internal_hash,0.259100
prover,16384,merkle_build_total,0.521800
prover,16384,ood_evaluation,1.095100
prover,262144,round_commit,64.308200
prover,16384,round_pow,0.000200
prover,32768,opening,0.202100
prover,16384,round_stir_constraints,164.590200
prover,16384,round_sumcheck_folding,2.884100
cpu,131072,rs_zero_pad,0.002300
cpu,131072,cpu_ntt,22.223800
cpu,131072,rs_transpose,1.629900
prover,131072,witness_encoding,24.651500
cpu,131072,merkle_leaf_encode,0.450800
cpu,8192,merkle_leaf_hash,0.732100
prover,8192,merkle_leaf_total,1.866100
cpu,8192,merkle_internal_hash,0.125500
prover,8192,merkle_build_total,0.231100
prover,1024,ood_evaluation,0.064800
prover,131072,round_commit,26.928200
prover,1024,round_pow,0.000200
prover,16384,opening,0.126800
prover,1024,round_stir_constraints,2.407400
prover,1024,round_sumcheck_folding,0.188300
cpu,65536,rs_zero_pad,0.000400
cpu,65536,cpu_ntt,7.392500
cpu,65536,rs_transpose,0.552700
prover,65536,witness_encoding,8.217500
cpu,65536,merkle_leaf_encode,0.231800
cpu,4096,merkle_leaf_hash,0.363000
prover,4096,merkle_leaf_total,0.924000
cpu,4096,merkle_internal_hash,0.064400
prover,4096,merkle_build_total,0.121400
prover,64,ood_evaluation,0.005000
prover,65536,round_commit,9.314500
prover,64,round_pow,0.000200
prover,8192,opening,0.037500
prover,64,round_stir_constraints,0.140000
prover,64,round_sumcheck_folding,0.019600
prover,4,final_pow,0.000100
prover,4096,final_opening,0.018300
prover,4,final_sumcheck,0.005000
prover,262144,prove_total,333.491500
prover,262144,total_prover,394.110900
