mode,size,stage,time_ms
prover,262144,witness_generation,0.622300
cpu,524288,rs_zero_pad,0.287600
cpu,524288,cpu_ntt,47.850300
cpu,524288,rs_transpose,3.340100
prover,524288,witness_encoding,52.419700
cpu,524288,merkle_leaf_encode,0.775600
cpu,32768,merkle_leaf_hash,1.373700
prover,32768,merkle_leaf_total,3.188000
cpu,32768,merkle_internal_hash,0.587200
prover,32768,merkle_build_total,1.144300
prover,262144,ood_evaluation,18.064600
prover,262144,commit_total,75.326700
prover,262144,prove_ood_completion,0.006400
prover,262144,vector_rlc,1.820300
prover,262144,initial_sumcheck,44.766800
cpu,262144,rs_zero_pad,0.045000
cpu,262144,cpu_ntt,57.424100
cpu,262144,rs_transpose,3.957800
prover,262144,witness_encoding,62.690100
cpu,262144,merkle_leaf_encode,1.501800
cpu,16384,merkle_leaf_hash,2.252600
prover,16384,merkle_leaf_total,5.375100
cpu,16384,merkle_internal_hash,0.323100
prover,16384,merkle_build_total,0.666300
prover,16384,ood_evaluation,1.390500
prover,262144,round_commit,70.383200
prover,16384,round_pow,0.000200
prover,32768,opening,0.392700
prover,16384,round_stir_constraints,190.738100
prover,16384,round_sumcheck_folding,3.207200
cpu,131072,rs_zero_pad,0.003000
cpu,131072,cpu_ntt,27.728400
cpu,131072,rs_transpose,1.667300
prover,131072,witness_encoding,30.097600
cpu,131072,merkle_leaf_encode,0.479100
cpu,8192,merkle_leaf_hash,0.822400
prover,8192,merkle_leaf_total,2.091500
cpu,8192,merkle_internal_hash,0.132500
prover,8192,merkle_build_total,0.262900
prover,1024,ood_evaluation,0.065300
prover,131072,round_commit,32.655700
prover,1024,round_pow,0.000200
prover,16384,opening,0.165100
prover,1024,round_stir_constraints,2.818700
prover,1024,round_sumcheck_folding,0.204900
cpu,65536,rs_zero_pad,0.000700
cpu,65536,cpu_ntt,7.318500
cpu,65536,rs_transpose,0.675600
prover,65536,witness_encoding,8.321800
cpu,65536,merkle_leaf_encode,0.301400
cpu,4096,merkle_leaf_hash,0.469000
prover,4096,merkle_leaf_total,1.240800
cpu,4096,merkle_internal_hash,0.079700
prover,4096,merkle_build_total,0.152300
prover,64,ood_evaluation,0.005800
prover,65536,round_commit,9.771600
prover,64,round_pow,0.000300
prover,8192,opening,0.060100
prover,64,round_stir_constraints,0.164600
prover,64,round_sumcheck_folding,0.025600
prover,4,final_pow,0.000100
prover,4096,final_opening,0.037400
prover,4,final_sumcheck,0.003700
prover,262144,prove_total,380.989600
prover,262144,total_prover,456.316300
